<?xml version="1.0" encoding="UTF-8"?>
<!-- Generated by org.testng.reporters.JUnitXMLReporter -->
<testsuite ignored="0" hostname="ASHRITH" failures="0" tests="6" name="BankingApp Test" time="88.619" errors="0" timestamp="2023-11-23T12:22:13 IST">
  <testcase classname="com.inetBanking.TestCases.TC_LoginTest_001" name="loginTest" time="8.292"/>
  <testcase classname="com.inetBanking.TestCases.TC_DDTTest_002" name="LoginDDt" time="4.642"/>
  <testcase classname="com.inetBanking.TestCases.TC_DDTTest_002" name="LoginDDt" time="4.294"/>
  <testcase classname="com.inetBanking.TestCases.TC_DDTTest_002" name="LoginDDt" time="7.932"/>
  <testcase classname="com.inetBanking.TestCases.TC_DDTTest_002" name="LoginDDt" time="5.449"/>
  <testcase classname="com.inetBanking.TestCases.TC_AddCustomerTest_003" name="AddNewCust" time="12.962"/>
</testsuite> <!-- BankingApp Test -->
