<?xml version="1.0" encoding="UTF-8"?>
<!-- Generated by org.testng.reporters.JUnitXMLReporter -->
<testsuite ignored="0" hostname="ASHRITH" failures="0" tests="5" name="BankingApp Test" time="111.624" errors="0" timestamp="2023-11-24T11:51:07 IST">
  <testcase classname="com.inetBanking.TestCases.TC_LoginTest_001" name="loginTest" time="5.044"/>
  <testcase classname="com.inetBanking.TestCases.TC_DDTTest_002" name="LoginDDt" time="11.487"/>
  <testcase classname="com.inetBanking.TestCases.TC_DDTTest_002" name="LoginDDt" time="12.844"/>
  <testcase classname="com.inetBanking.TestCases.TC_DDTTest_002" name="LoginDDt" time="10.634"/>
  <testcase classname="com.inetBanking.TestCases.TC_DDTTest_002" name="LoginDDt" time="10.021"/>
</testsuite> <!-- BankingApp Test -->
