<?xml version="1.0" encoding="UTF-8"?>
<testsuite name="TestSuite" time="16.624" tests="5" errors="0" skipped="0" failures="0">
  <properties>
[...]
</properties>
  <testcase name="loginTest" classname="com.inetBanking.TestCases.TC_LoginTest_001" time="5.137"/>
  <testcase name="LoginDDt" classname="com.inetBanking.TestCases.TC_DDTTest_002" time="11.487"/>
  <testcase name="LoginDDt" classname="com.inetBanking.TestCases.TC_DDTTest_002" time="12.844"/>
  <testcase name="LoginDDt" classname="com.inetBanking.TestCases.TC_DDTTest_002" time="10.634"/>
  <testcase name="LoginDDt" classname="com.inetBanking.TestCases.TC_DDTTest_002" time="10.021"/>
</testsuite>