<?xml version="1.0" encoding="UTF-8"?>
<testng-results ignored="0" total="5" passed="5" failed="0" skipped="0">
  <reporter-output>
  </reporter-output>
  <suite started-at="2023-11-24T11:49:13 IST" name="inetBankingV9" finished-at="2023-11-24T11:51:05 IST" duration-ms="111624">
    <groups>
    </groups>
    <test started-at="2023-11-24T11:49:13 IST" name="BankingApp Test" finished-at="2023-11-24T11:51:05 IST" duration-ms="111624">
      <class name="com.inetBanking.TestCases.TC_LoginTest_001">
        <test-method is-config="true" signature="Setup(java.lang.String)[pri:0, instance:com.inetBanking.TestCases.TC_LoginTest_001@6dbb137d]" started-at="2023-11-24T11:49:17 IST" name="Setup" finished-at="2023-11-24T11:49:49 IST" duration-ms="31842" status="PASS">
          <params>
            <param index="0">
              <value>
                <![CDATA[chrome]]>
              </value>
            </param>
          </params>
          <reporter-output>
          </reporter-output>
        </test-method> <!-- Setup -->
        <test-method signature="loginTest()[pri:0, instance:com.inetBanking.TestCases.TC_LoginTest_001@6dbb137d]" started-at="2023-11-24T11:49:49 IST" name="loginTest" finished-at="2023-11-24T11:49:54 IST" duration-ms="5044" status="PASS">
          <reporter-output>
          </reporter-output>
        </test-method> <!-- loginTest -->
        <test-method is-config="true" signature="tearDown()[pri:0, instance:com.inetBanking.TestCases.TC_LoginTest_001@6dbb137d]" started-at="2023-11-24T11:49:54 IST" name="tearDown" finished-at="2023-11-24T11:49:55 IST" duration-ms="763" status="PASS">
          <reporter-output>
          </reporter-output>
        </test-method> <!-- tearDown -->
      </class> <!-- com.inetBanking.TestCases.TC_LoginTest_001 -->
      <class name="com.inetBanking.TestCases.TC_DDTTest_002">
        <test-method is-config="true" signature="Setup(java.lang.String)[pri:0, instance:com.inetBanking.TestCases.TC_DDTTest_002@56de5251]" started-at="2023-11-24T11:49:55 IST" name="Setup" finished-at="2023-11-24T11:50:11 IST" duration-ms="16033" status="PASS">
          <params>
            <param index="0">
              <value>
                <![CDATA[chrome]]>
              </value>
            </param>
          </params>
          <reporter-output>
          </reporter-output>
        </test-method> <!-- Setup -->
        <test-method signature="LoginDDt(java.lang.String,java.lang.String)[pri:0, instance:com.inetBanking.TestCases.TC_DDTTest_002@56de5251]" started-at="2023-11-24T11:50:19 IST" name="LoginDDt" data-provider="LoginData" finished-at="2023-11-24T11:50:31 IST" duration-ms="11487" status="PASS">
          <params>
            <param index="0">
              <value>
                <![CDATA[mngr539539]]>
              </value>
            </param>
            <param index="1">
              <value>
                <![CDATA[AtYdUse]]>
              </value>
            </param>
          </params>
          <reporter-output>
          </reporter-output>
        </test-method> <!-- LoginDDt -->
        <test-method signature="LoginDDt(java.lang.String,java.lang.String)[pri:0, instance:com.inetBanking.TestCases.TC_DDTTest_002@56de5251]" started-at="2023-11-24T11:50:31 IST" name="LoginDDt" data-provider="LoginData" finished-at="2023-11-24T11:50:44 IST" duration-ms="12844" status="PASS">
          <params>
            <param index="0">
              <value>
                <![CDATA[mngr539539]]>
              </value>
            </param>
            <param index="1">
              <value>
                <![CDATA[AtYdUse]]>
              </value>
            </param>
          </params>
          <reporter-output>
          </reporter-output>
        </test-method> <!-- LoginDDt -->
        <test-method signature="LoginDDt(java.lang.String,java.lang.String)[pri:0, instance:com.inetBanking.TestCases.TC_DDTTest_002@56de5251]" started-at="2023-11-24T11:50:44 IST" name="LoginDDt" data-provider="LoginData" finished-at="2023-11-24T11:50:54 IST" duration-ms="10634" status="PASS">
          <params>
            <param index="0">
              <value>
                <![CDATA[mngr539539]]>
              </value>
            </param>
            <param index="1">
              <value>
                <![CDATA[AtYdUse]]>
              </value>
            </param>
          </params>
          <reporter-output>
          </reporter-output>
        </test-method> <!-- LoginDDt -->
        <test-method signature="LoginDDt(java.lang.String,java.lang.String)[pri:0, instance:com.inetBanking.TestCases.TC_DDTTest_002@56de5251]" started-at="2023-11-24T11:50:54 IST" name="LoginDDt" data-provider="LoginData" finished-at="2023-11-24T11:51:04 IST" duration-ms="10021" status="PASS">
          <params>
            <param index="0">
              <value>
                <![CDATA[mngr539539]]>
              </value>
            </param>
            <param index="1">
              <value>
                <![CDATA[AtYdUse]]>
              </value>
            </param>
          </params>
          <reporter-output>
          </reporter-output>
        </test-method> <!-- LoginDDt -->
        <test-method is-config="true" signature="tearDown()[pri:0, instance:com.inetBanking.TestCases.TC_DDTTest_002@56de5251]" started-at="2023-11-24T11:51:04 IST" name="tearDown" finished-at="2023-11-24T11:51:05 IST" duration-ms="596" status="PASS">
          <reporter-output>
          </reporter-output>
        </test-method> <!-- tearDown -->
      </class> <!-- com.inetBanking.TestCases.TC_DDTTest_002 -->
    </test> <!-- BankingApp Test -->
  </suite> <!-- inetBankingV9 -->
</testng-results>
