<?xml version="1.0" encoding="UTF-8"?>
<testng-results ignored="0" total="6" passed="6" failed="0" skipped="0">
  <reporter-output>
  </reporter-output>
  <suite started-at="2023-11-23T12:20:43 IST" name="inetBankingV9" finished-at="2023-11-23T12:22:12 IST" duration-ms="88619">
    <groups>
    </groups>
    <test started-at="2023-11-23T12:20:43 IST" name="BankingApp Test" finished-at="2023-11-23T12:22:12 IST" duration-ms="88619">
      <class name="com.inetBanking.TestCases.TC_AddCustomerTest_003">
        <test-method is-config="true" signature="Setup(java.lang.String)[pri:0, instance:com.inetBanking.TestCases.TC_AddCustomerTest_003@5149d738]" started-at="2023-11-23T12:21:42 IST" name="Setup" finished-at="2023-11-23T12:21:58 IST" duration-ms="16299" status="PASS">
          <params>
            <param index="0">
              <value>
                <![CDATA[chrome]]>
              </value>
            </param>
          </params>
          <reporter-output>
          </reporter-output>
        </test-method> <!-- Setup -->
        <test-method signature="AddNewCust()[pri:0, instance:com.inetBanking.TestCases.TC_AddCustomerTest_003@5149d738]" started-at="2023-11-23T12:21:58 IST" name="AddNewCust" finished-at="2023-11-23T12:22:11 IST" duration-ms="12962" status="PASS">
          <reporter-output>
          </reporter-output>
        </test-method> <!-- AddNewCust -->
        <test-method is-config="true" signature="tearDown()[pri:0, instance:com.inetBanking.TestCases.TC_AddCustomerTest_003@5149d738]" started-at="2023-11-23T12:22:11 IST" name="tearDown" finished-at="2023-11-23T12:22:12 IST" duration-ms="483" status="PASS">
          <reporter-output>
          </reporter-output>
        </test-method> <!-- tearDown -->
      </class> <!-- com.inetBanking.TestCases.TC_AddCustomerTest_003 -->
      <class name="com.inetBanking.TestCases.TC_LoginTest_001">
        <test-method is-config="true" signature="Setup(java.lang.String)[pri:0, instance:com.inetBanking.TestCases.TC_LoginTest_001@2034b64c]" started-at="2023-11-23T12:20:44 IST" name="Setup" finished-at="2023-11-23T12:20:53 IST" duration-ms="9314" status="PASS">
          <params>
            <param index="0">
              <value>
                <![CDATA[chrome]]>
              </value>
            </param>
          </params>
          <reporter-output>
          </reporter-output>
        </test-method> <!-- Setup -->
        <test-method signature="loginTest()[pri:0, instance:com.inetBanking.TestCases.TC_LoginTest_001@2034b64c]" started-at="2023-11-23T12:20:53 IST" name="loginTest" finished-at="2023-11-23T12:21:02 IST" duration-ms="8292" status="PASS">
          <reporter-output>
          </reporter-output>
        </test-method> <!-- loginTest -->
        <test-method is-config="true" signature="tearDown()[pri:0, instance:com.inetBanking.TestCases.TC_LoginTest_001@2034b64c]" started-at="2023-11-23T12:21:02 IST" name="tearDown" finished-at="2023-11-23T12:21:02 IST" duration-ms="468" status="PASS">
          <reporter-output>
          </reporter-output>
        </test-method> <!-- tearDown -->
      </class> <!-- com.inetBanking.TestCases.TC_LoginTest_001 -->
      <class name="com.inetBanking.TestCases.TC_DDTTest_002">
        <test-method is-config="true" signature="Setup(java.lang.String)[pri:0, instance:com.inetBanking.TestCases.TC_DDTTest_002@53045c6c]" started-at="2023-11-23T12:21:02 IST" name="Setup" finished-at="2023-11-23T12:21:16 IST" duration-ms="13953" status="PASS">
          <params>
            <param index="0">
              <value>
                <![CDATA[chrome]]>
              </value>
            </param>
          </params>
          <reporter-output>
          </reporter-output>
        </test-method> <!-- Setup -->
        <test-method signature="LoginDDt(java.lang.String,java.lang.String)[pri:0, instance:com.inetBanking.TestCases.TC_DDTTest_002@53045c6c]" started-at="2023-11-23T12:21:19 IST" name="LoginDDt" data-provider="LoginData" finished-at="2023-11-23T12:21:24 IST" duration-ms="4642" status="PASS">
          <params>
            <param index="0">
              <value>
                <![CDATA[mngr539539]]>
              </value>
            </param>
            <param index="1">
              <value>
                <![CDATA[AtYdUse]]>
              </value>
            </param>
          </params>
          <reporter-output>
          </reporter-output>
        </test-method> <!-- LoginDDt -->
        <test-method signature="LoginDDt(java.lang.String,java.lang.String)[pri:0, instance:com.inetBanking.TestCases.TC_DDTTest_002@53045c6c]" started-at="2023-11-23T12:21:24 IST" name="LoginDDt" data-provider="LoginData" finished-at="2023-11-23T12:21:28 IST" duration-ms="4294" status="PASS">
          <params>
            <param index="0">
              <value>
                <![CDATA[mngr539539]]>
              </value>
            </param>
            <param index="1">
              <value>
                <![CDATA[AtYdUse]]>
              </value>
            </param>
          </params>
          <reporter-output>
          </reporter-output>
        </test-method> <!-- LoginDDt -->
        <test-method signature="LoginDDt(java.lang.String,java.lang.String)[pri:0, instance:com.inetBanking.TestCases.TC_DDTTest_002@53045c6c]" started-at="2023-11-23T12:21:28 IST" name="LoginDDt" data-provider="LoginData" finished-at="2023-11-23T12:21:36 IST" duration-ms="7932" status="PASS">
          <params>
            <param index="0">
              <value>
                <![CDATA[mngr539539]]>
              </value>
            </param>
            <param index="1">
              <value>
                <![CDATA[AtYdUse]]>
              </value>
            </param>
          </params>
          <reporter-output>
          </reporter-output>
        </test-method> <!-- LoginDDt -->
        <test-method signature="LoginDDt(java.lang.String,java.lang.String)[pri:0, instance:com.inetBanking.TestCases.TC_DDTTest_002@53045c6c]" started-at="2023-11-23T12:21:36 IST" name="LoginDDt" data-provider="LoginData" finished-at="2023-11-23T12:21:41 IST" duration-ms="5449" status="PASS">
          <params>
            <param index="0">
              <value>
                <![CDATA[mngr539539]]>
              </value>
            </param>
            <param index="1">
              <value>
                <![CDATA[AtYdUse]]>
              </value>
            </param>
          </params>
          <reporter-output>
          </reporter-output>
        </test-method> <!-- LoginDDt -->
        <test-method is-config="true" signature="tearDown()[pri:0, instance:com.inetBanking.TestCases.TC_DDTTest_002@53045c6c]" started-at="2023-11-23T12:21:41 IST" name="tearDown" finished-at="2023-11-23T12:21:42 IST" duration-ms="584" status="PASS">
          <reporter-output>
          </reporter-output>
        </test-method> <!-- tearDown -->
      </class> <!-- com.inetBanking.TestCases.TC_DDTTest_002 -->
    </test> <!-- BankingApp Test -->
  </suite> <!-- inetBankingV9 -->
</testng-results>
